Started GET "/" for ::1 at 2020-03-14 00:58:51 +0900
Processing by Rails::WelcomeController#index as HTML
  Rendering /Users/HayatoKoyama/.rbenv/versions/2.6.5/lib/ruby/gems/2.6.0/gems/railties-5.2.4.1/lib/rails/templates/rails/welcome/index.html.erb
  Rendered /Users/HayatoKoyama/.rbenv/versions/2.6.5/lib/ruby/gems/2.6.0/gems/railties-5.2.4.1/lib/rails/templates/rails/welcome/index.html.erb (3.6ms)
Completed 200 OK in 22ms (Views: 10.3ms | ActiveRecord: 0.0ms)


Started GET "/" for ::1 at 2020-03-14 09:32:16 +0900
Processing by Rails::WelcomeController#index as HTML
  Rendering /Users/HayatoKoyama/.rbenv/versions/2.6.5/lib/ruby/gems/2.6.0/gems/railties-5.2.4.1/lib/rails/templates/rails/welcome/index.html.erb
  Rendered /Users/HayatoKoyama/.rbenv/versions/2.6.5/lib/ruby/gems/2.6.0/gems/railties-5.2.4.1/lib/rails/templates/rails/welcome/index.html.erb (3.5ms)
Completed 200 OK in 19ms (Views: 10.1ms | ActiveRecord: 0.0ms)


  [1m[35m (0.1ms)[0m  [1m[34mSELECT sqlite_version(*)[0m
  â†³ /Users/HayatoKoyama/.rbenv/versions/2.6.5/bin/rake:23
  [1m[35m (1.6ms)[0m  [1m[35mCREATE TABLE "schema_migrations" ("version" varchar NOT NULL PRIMARY KEY)[0m
  â†³ /Users/HayatoKoyama/.rbenv/versions/2.6.5/bin/rake:23
  [1m[35m (1.2ms)[0m  [1m[35mCREATE TABLE "ar_internal_metadata" ("key" varchar NOT NULL PRIMARY KEY, "value" varchar, "created_at" datetime NOT NULL, "updated_at" datetime NOT NULL)[0m
  â†³ /Users/HayatoKoyama/.rbenv/versions/2.6.5/bin/rake:23
  [1m[35m (0.2ms)[0m  [1m[34mSELECT "schema_migrations"."version" FROM "schema_migrations" ORDER BY "schema_migrations"."version" ASC[0m
  â†³ /Users/HayatoKoyama/.rbenv/versions/2.6.5/bin/rake:23
Migrating to CreateTasks (20200315034427)
  [1m[35m (0.1ms)[0m  [1m[36mbegin transaction[0m
  â†³ /Users/HayatoKoyama/.rbenv/versions/2.6.5/bin/rake:23
  [1m[35m (0.6ms)[0m  [1m[35mCREATE TABLE "tasks" ("id" integer PRIMARY KEY AUTOINCREMENT NOT NULL, "title" varchar, "done" boolean DEFAULT 0, "created_at" datetime NOT NULL, "updated_at" datetime NOT NULL)[0m
  â†³ db/migrate/20200315034427_create_tasks.rb:3
  [1m[36mActiveRecord::SchemaMigration Create (0.3ms)[0m  [1m[32mINSERT INTO "schema_migrations" ("version") VALUES (?)[0m  [["version", "20200315034427"]]
  â†³ /Users/HayatoKoyama/.rbenv/versions/2.6.5/bin/rake:23
  [1m[35m (0.9ms)[0m  [1m[36mcommit transaction[0m
  â†³ /Users/HayatoKoyama/.rbenv/versions/2.6.5/bin/rake:23
  [1m[36mActiveRecord::InternalMetadata Load (0.2ms)[0m  [1m[34mSELECT  "ar_internal_metadata".* FROM "ar_internal_metadata" WHERE "ar_internal_metadata"."key" = ? LIMIT ?[0m  [["key", "environment"], ["LIMIT", 1]]
  â†³ /Users/HayatoKoyama/.rbenv/versions/2.6.5/bin/rake:23
  [1m[35m (0.0ms)[0m  [1m[36mbegin transaction[0m
  â†³ /Users/HayatoKoyama/.rbenv/versions/2.6.5/bin/rake:23
  [1m[36mActiveRecord::InternalMetadata Create (0.4ms)[0m  [1m[32mINSERT INTO "ar_internal_metadata" ("key", "value", "created_at", "updated_at") VALUES (?, ?, ?, ?)[0m  [["key", "environment"], ["value", "development"], ["created_at", "2020-03-15 03:47:52.993687"], ["updated_at", "2020-03-15 03:47:52.993687"]]
  â†³ /Users/HayatoKoyama/.rbenv/versions/2.6.5/bin/rake:23
  [1m[35m (0.9ms)[0m  [1m[36mcommit transaction[0m
  â†³ /Users/HayatoKoyama/.rbenv/versions/2.6.5/bin/rake:23
  [1m[35m (0.1ms)[0m  [1m[34mSELECT "schema_migrations"."version" FROM "schema_migrations" ORDER BY "schema_migrations"."version" ASC[0m
  â†³ /Users/HayatoKoyama/.rbenv/versions/2.6.5/bin/rake:23
  [1m[35m (0.1ms)[0m  [1m[36mbegin transaction[0m
  [1m[36mTask Create (0.8ms)[0m  [1m[32mINSERT INTO "tasks" ("title", "created_at", "updated_at") VALUES (?, ?, ?)[0m  [["title", "test1"], ["created_at", "2020-03-15 03:54:14.097553"], ["updated_at", "2020-03-15 03:54:14.097553"]]
  [1m[35m (0.8ms)[0m  [1m[36mcommit transaction[0m
  [1m[35m (0.1ms)[0m  [1m[36mbegin transaction[0m
  [1m[36mTask Create (2.0ms)[0m  [1m[32mINSERT INTO "tasks" ("title", "created_at", "updated_at") VALUES (?, ?, ?)[0m  [["title", "test2"], ["created_at", "2020-03-15 04:03:11.940129"], ["updated_at", "2020-03-15 04:03:11.940129"]]
  [1m[35m (2.0ms)[0m  [1m[36mcommit transaction[0m
Started GET "/" for ::1 at 2020-03-15 13:26:50 +0900
  [1m[35m (0.3ms)[0m  [1m[34mSELECT "schema_migrations"."version" FROM "schema_migrations" ORDER BY "schema_migrations"."version" ASC[0m
  â†³ /Users/HayatoKoyama/.rbenv/versions/2.6.5/lib/ruby/gems/2.6.0/gems/activerecord-5.2.4.1/lib/active_record/log_subscriber.rb:98
Processing by TasksController#index as HTML
  Rendering tasks/index.html.erb within layouts/application
  [1m[36mTask Load (0.3ms)[0m  [1m[34mSELECT "tasks".* FROM "tasks"[0m
  â†³ app/views/tasks/index.html.erb:3
  Rendered tasks/index.html.erb within layouts/application (17.9ms)
Completed 200 OK in 1251ms (Views: 1202.2ms | ActiveRecord: 1.2ms)


Started GET "/" for ::1 at 2020-03-15 13:35:23 +0900
  [1m[35m (0.2ms)[0m  [1m[34mSELECT "schema_migrations"."version" FROM "schema_migrations" ORDER BY "schema_migrations"."version" ASC[0m
  â†³ /Users/HayatoKoyama/.rbenv/versions/2.6.5/lib/ruby/gems/2.6.0/gems/activerecord-5.2.4.1/lib/active_record/log_subscriber.rb:98
Processing by TasksController#index as HTML
  Rendering tasks/index.html.erb within layouts/application
  [1m[36mTask Load (0.3ms)[0m  [1m[34mSELECT "tasks".* FROM "tasks"[0m
  â†³ app/views/tasks/index.html.erb:3
  Rendered tasks/index.html.erb within layouts/application (26.1ms)
Completed 200 OK in 276ms (Views: 266.4ms | ActiveRecord: 0.9ms)


Started GET "/tasks/new" for ::1 at 2020-03-15 13:35:26 +0900
  
AbstractController::ActionNotFound (The action 'new' could not be found for TasksController):
  
actionpack (5.2.4.1) lib/abstract_controller/base.rb:129:in `process'
actionview (5.2.4.1) lib/action_view/rendering.rb:32:in `process'
actionpack (5.2.4.1) lib/action_controller/metal.rb:191:in `dispatch'
actionpack (5.2.4.1) lib/action_controller/metal.rb:252:in `dispatch'
actionpack (5.2.4.1) lib/action_dispatch/routing/route_set.rb:52:in `dispatch'
actionpack (5.2.4.1) lib/action_dispatch/routing/route_set.rb:34:in `serve'
actionpack (5.2.4.1) lib/action_dispatch/journey/router.rb:52:in `block in serve'
actionpack (5.2.4.1) lib/action_dispatch/journey/router.rb:35:in `each'
actionpack (5.2.4.1) lib/action_dispatch/journey/router.rb:35:in `serve'
actionpack (5.2.4.1) lib/action_dispatch/routing/route_set.rb:840:in `call'
rack (2.2.2) lib/rack/tempfile_reaper.rb:15:in `call'
rack (2.2.2) lib/rack/etag.rb:27:in `call'
rack (2.2.2) lib/rack/conditional_get.rb:27:in `call'
rack (2.2.2) lib/rack/head.rb:12:in `call'
actionpack (5.2.4.1) lib/action_dispatch/http/content_security_policy.rb:18:in `call'
rack (2.2.2) lib/rack/session/abstract/id.rb:266:in `context'
rack (2.2.2) lib/rack/session/abstract/id.rb:260:in `call'
actionpack (5.2.4.1) lib/action_dispatch/middleware/cookies.rb:670:in `call'
activerecord (5.2.4.1) lib/active_record/migration.rb:559:in `call'
actionpack (5.2.4.1) lib/action_dispatch/middleware/callbacks.rb:28:in `block in call'
activesupport (5.2.4.1) lib/active_support/callbacks.rb:98:in `run_callbacks'
actionpack (5.2.4.1) lib/action_dispatch/middleware/callbacks.rb:26:in `call'
actionpack (5.2.4.1) lib/action_dispatch/middleware/executor.rb:14:in `call'
actionpack (5.2.4.1) lib/action_dispatch/middleware/debug_exceptions.rb:61:in `call'
web-console (3.7.0) lib/web_console/middleware.rb:135:in `call_app'
web-console (3.7.0) lib/web_console/middleware.rb:30:in `block in call'
web-console (3.7.0) lib/web_console/middleware.rb:20:in `catch'
web-console (3.7.0) lib/web_console/middleware.rb:20:in `call'
actionpack (5.2.4.1) lib/action_dispatch/middleware/show_exceptions.rb:33:in `call'
railties (5.2.4.1) lib/rails/rack/logger.rb:38:in `call_app'
railties (5.2.4.1) lib/rails/rack/logger.rb:26:in `block in call'
activesupport (5.2.4.1) lib/active_support/tagged_logging.rb:71:in `block in tagged'
activesupport (5.2.4.1) lib/active_support/tagged_logging.rb:28:in `tagged'
activesupport (5.2.4.1) lib/active_support/tagged_logging.rb:71:in `tagged'
railties (5.2.4.1) lib/rails/rack/logger.rb:26:in `call'
sprockets-rails (3.2.1) lib/sprockets/rails/quiet_assets.rb:13:in `call'
actionpack (5.2.4.1) lib/action_dispatch/middleware/remote_ip.rb:81:in `call'
actionpack (5.2.4.1) lib/action_dispatch/middleware/request_id.rb:27:in `call'
rack (2.2.2) lib/rack/method_override.rb:24:in `call'
rack (2.2.2) lib/rack/runtime.rb:22:in `call'
activesupport (5.2.4.1) lib/active_support/cache/strategy/local_cache_middleware.rb:29:in `call'
actionpack (5.2.4.1) lib/action_dispatch/middleware/executor.rb:14:in `call'
actionpack (5.2.4.1) lib/action_dispatch/middleware/static.rb:127:in `call'
rack (2.2.2) lib/rack/sendfile.rb:110:in `call'
railties (5.2.4.1) lib/rails/engine.rb:524:in `call'
puma (3.12.4) lib/puma/configuration.rb:227:in `call'
puma (3.12.4) lib/puma/server.rb:675:in `handle_request'
puma (3.12.4) lib/puma/server.rb:476:in `process_client'
puma (3.12.4) lib/puma/server.rb:334:in `block in run'
puma (3.12.4) lib/puma/thread_pool.rb:135:in `block in spawn_thread'
Started GET "/" for ::1 at 2020-03-15 13:35:29 +0900
Processing by TasksController#index as HTML
  Rendering tasks/index.html.erb within layouts/application
  [1m[36mTask Load (0.1ms)[0m  [1m[34mSELECT "tasks".* FROM "tasks"[0m
  â†³ app/views/tasks/index.html.erb:3
  Rendered tasks/index.html.erb within layouts/application (1.2ms)
Completed 200 OK in 18ms (Views: 16.2ms | ActiveRecord: 0.1ms)


Started GET "/" for ::1 at 2020-03-15 13:42:58 +0900
  [1m[35m (0.2ms)[0m  [1m[34mSELECT "schema_migrations"."version" FROM "schema_migrations" ORDER BY "schema_migrations"."version" ASC[0m
  â†³ /Users/HayatoKoyama/.rbenv/versions/2.6.5/lib/ruby/gems/2.6.0/gems/activerecord-5.2.4.1/lib/active_record/log_subscriber.rb:98
Processing by TasksController#index as HTML
  Rendering tasks/index.html.erb within layouts/application
  [1m[36mTask Load (0.3ms)[0m  [1m[34mSELECT "tasks".* FROM "tasks"[0m
  â†³ app/views/tasks/index.html.erb:3
  Rendered tasks/index.html.erb within layouts/application (29.0ms)
Completed 200 OK in 304ms (Views: 293.5ms | ActiveRecord: 1.3ms)


Started GET "/tasks/new" for ::1 at 2020-03-15 13:43:00 +0900
Processing by TasksController#new as HTML
  Rendering tasks/new.html.erb within layouts/application
  Rendered tasks/new.html.erb within layouts/application (38.8ms)
Completed 200 OK in 68ms (Views: 65.1ms | ActiveRecord: 0.0ms)


Started GET "/tasks/new" for ::1 at 2020-03-15 13:50:06 +0900
Processing by TasksController#new as HTML
  Rendering tasks/new.html.erb within layouts/application
  Rendered tasks/new.html.erb within layouts/application (1.5ms)
Completed 200 OK in 18ms (Views: 16.5ms | ActiveRecord: 0.0ms)


Started POST "/tasks" for ::1 at 2020-03-15 13:53:18 +0900
  
SyntaxError (/Users/HayatoKoyama/app/rails_project/todo_list/app/controllers/tasks_controller.rb:21: syntax error, unexpected end-of-input, expecting end):
  
app/controllers/tasks_controller.rb:21: syntax error, unexpected end-of-input, expecting end
Started POST "/tasks" for ::1 at 2020-03-15 13:53:50 +0900
  
SyntaxError (/Users/HayatoKoyama/app/rails_project/todo_list/app/controllers/tasks_controller.rb:22: syntax error, unexpected end-of-input, expecting end):
  
app/controllers/tasks_controller.rb:22: syntax error, unexpected end-of-input, expecting end
Started POST "/tasks" for ::1 at 2020-03-15 13:54:57 +0900
  
SyntaxError (/Users/HayatoKoyama/app/rails_project/todo_list/app/controllers/tasks_controller.rb:21: syntax error, unexpected end-of-input, expecting end):
  
app/controllers/tasks_controller.rb:21: syntax error, unexpected end-of-input, expecting end
Started POST "/tasks" for ::1 at 2020-03-15 13:56:33 +0900
Processing by TasksController#create as HTML
  Parameters: {"utf8"=>"âœ“", "authenticity_token"=>"+1nof/Z8dlc0FLsuv08vBouTkDOn7MHDLyVwkDGT+YluycHVqwwi3qX2rIV3qXLxmwVU5nqkFkWausKvKHzLfQ==", "task"=>{"title"=>"task4"}, "commit"=>"Create Task"}
Completed 500 Internal Server Error in 7ms (ActiveRecord: 0.0ms)


  
NoMethodError (undefined method `permit' for nil:NilClass):
  
app/controllers/tasks_controller.rb:21:in `task_params'
app/controllers/tasks_controller.rb:10:in `create'
Started POST "/tasks" for ::1 at 2020-03-15 13:57:22 +0900
Processing by TasksController#create as HTML
  Parameters: {"utf8"=>"âœ“", "authenticity_token"=>"UZDQCxexdVY5eHgCsNRTxInhHza7U7xsM4K/O9FTNu/EAPmhSsEh36iab6l4Mg4zmXfb42Yba+qGHQ0EyLwEGw==", "task"=>{"title"=>"task4"}, "commit"=>"Create Task"}
  [1m[35m (0.2ms)[0m  [1m[36mbegin transaction[0m
  â†³ app/controllers/tasks_controller.rb:12
  [1m[36mTask Create (1.2ms)[0m  [1m[32mINSERT INTO "tasks" ("title", "created_at", "updated_at") VALUES (?, ?, ?)[0m  [["title", "task4"], ["created_at", "2020-03-15 04:57:22.416249"], ["updated_at", "2020-03-15 04:57:22.416249"]]
  â†³ app/controllers/tasks_controller.rb:12
  [1m[35m (1.2ms)[0m  [1m[36mcommit transaction[0m
  â†³ app/controllers/tasks_controller.rb:12
Redirected to http://localhost:3000/
Completed 302 Found in 31ms (ActiveRecord: 4.4ms)


Started GET "/" for ::1 at 2020-03-15 13:57:22 +0900
Processing by TasksController#index as HTML
  Rendering tasks/index.html.erb within layouts/application
  [1m[36mTask Load (0.3ms)[0m  [1m[34mSELECT "tasks".* FROM "tasks"[0m
  â†³ app/views/tasks/index.html.erb:3
  Rendered tasks/index.html.erb within layouts/application (3.0ms)
Completed 200 OK in 67ms (Views: 65.6ms | ActiveRecord: 0.3ms)


Started GET "/tasks/new" for ::1 at 2020-03-15 13:57:27 +0900
Processing by TasksController#new as HTML
  Rendering tasks/new.html.erb within layouts/application
  Rendered tasks/new.html.erb within layouts/application (2.4ms)
Completed 200 OK in 21ms (Views: 17.9ms | ActiveRecord: 0.0ms)


Started POST "/tasks" for ::1 at 2020-03-15 13:57:31 +0900
Processing by TasksController#create as HTML
  Parameters: {"utf8"=>"âœ“", "authenticity_token"=>"SH2GAPryekPHuiK5AGEoqKbtcx8XX97+9yXODxqpq7Ld7a+qp4IuylZYNRLIh3Vftnu3ysoXCXhCunwwA0aZRg==", "task"=>{"title"=>"task5"}, "commit"=>"Create Task"}
  [1m[35m (0.0ms)[0m  [1m[36mbegin transaction[0m
  â†³ app/controllers/tasks_controller.rb:12
  [1m[36mTask Create (0.4ms)[0m  [1m[32mINSERT INTO "tasks" ("title", "created_at", "updated_at") VALUES (?, ?, ?)[0m  [["title", "task5"], ["created_at", "2020-03-15 04:57:31.905171"], ["updated_at", "2020-03-15 04:57:31.905171"]]
  â†³ app/controllers/tasks_controller.rb:12
  [1m[35m (1.2ms)[0m  [1m[36mcommit transaction[0m
  â†³ app/controllers/tasks_controller.rb:12
Redirected to http://localhost:3000/
Completed 302 Found in 4ms (ActiveRecord: 1.6ms)


Started GET "/" for ::1 at 2020-03-15 13:57:31 +0900
Processing by TasksController#index as HTML
  Rendering tasks/index.html.erb within layouts/application
  [1m[36mTask Load (0.1ms)[0m  [1m[34mSELECT "tasks".* FROM "tasks"[0m
  â†³ app/views/tasks/index.html.erb:3
  Rendered tasks/index.html.erb within layouts/application (1.4ms)
Completed 200 OK in 16ms (Views: 15.4ms | ActiveRecord: 0.1ms)


Started GET "/" for ::1 at 2020-03-15 13:57:49 +0900
Processing by TasksController#index as HTML
  Rendering tasks/index.html.erb within layouts/application
  [1m[36mTask Load (0.1ms)[0m  [1m[34mSELECT "tasks".* FROM "tasks"[0m
  â†³ app/views/tasks/index.html.erb:3
  Rendered tasks/index.html.erb within layouts/application (1.4ms)
Completed 200 OK in 18ms (Views: 16.6ms | ActiveRecord: 0.1ms)


Started GET "/tasks/new" for ::1 at 2020-03-15 14:01:34 +0900
Processing by TasksController#new as HTML
  Rendering tasks/new.html.erb within layouts/application
  Rendered tasks/new.html.erb within layouts/application (2.7ms)
Completed 200 OK in 52ms (Views: 31.6ms | ActiveRecord: 1.5ms)


Started POST "/tasks" for ::1 at 2020-03-15 14:01:37 +0900
Processing by TasksController#create as HTML
  Parameters: {"utf8"=>"âœ“", "authenticity_token"=>"MxSY26MbEiVDJu4kR2TevDmT4C2xhU6eMoCSf751Nw2mhLFx/mtGrNLE+Y+PgoNLKQUk+GzNmRiHHyBAp5oF+Q==", "task"=>{"title"=>""}, "commit"=>"Create Task"}
  [1m[35m (0.1ms)[0m  [1m[36mbegin transaction[0m
  â†³ app/controllers/tasks_controller.rb:12
  [1m[35m (0.1ms)[0m  [1m[31mrollback transaction[0m
  â†³ app/controllers/tasks_controller.rb:12
  Rendering tasks/new.html.erb within layouts/application
  Rendered tasks/new.html.erb within layouts/application (3.4ms)
Completed 200 OK in 67ms (Views: 56.8ms | ActiveRecord: 0.1ms)


Started POST "/tasks" for ::1 at 2020-03-15 14:01:40 +0900
Processing by TasksController#create as HTML
  Parameters: {"utf8"=>"âœ“", "authenticity_token"=>"t89wiLp08ME1yNNyPG6EfHho+ozVbUAU959gx4RM0NbLfVs1RPjU1TsA3rPmGFC7PMhOUmhG7kQsMPeEOltOoA==", "task"=>{"title"=>""}, "commit"=>"Create Task"}
  [1m[35m (0.1ms)[0m  [1m[36mbegin transaction[0m
  â†³ app/controllers/tasks_controller.rb:12
  [1m[35m (0.1ms)[0m  [1m[31mrollback transaction[0m
  â†³ app/controllers/tasks_controller.rb:12
  Rendering tasks/new.html.erb within layouts/application
  Rendered tasks/new.html.erb within layouts/application (1.8ms)
Completed 200 OK in 20ms (Views: 16.9ms | ActiveRecord: 0.1ms)


Started POST "/tasks" for ::1 at 2020-03-15 14:01:46 +0900
Processing by TasksController#create as HTML
  Parameters: {"utf8"=>"âœ“", "authenticity_token"=>"t89wiLp08ME1yNNyPG6EfHho+ozVbUAU959gx4RM0NbLfVs1RPjU1TsA3rPmGFC7PMhOUmhG7kQsMPeEOltOoA==", "task"=>{"title"=>""}, "commit"=>"Create Task"}
  [1m[35m (0.1ms)[0m  [1m[36mbegin transaction[0m
  â†³ app/controllers/tasks_controller.rb:12
  [1m[35m (0.0ms)[0m  [1m[31mrollback transaction[0m
  â†³ app/controllers/tasks_controller.rb:12
  Rendering tasks/new.html.erb within layouts/application
  Rendered tasks/new.html.erb within layouts/application (1.3ms)
Completed 200 OK in 20ms (Views: 16.9ms | ActiveRecord: 0.1ms)


Started POST "/tasks" for ::1 at 2020-03-15 14:01:47 +0900
Processing by TasksController#create as HTML
  Parameters: {"utf8"=>"âœ“", "authenticity_token"=>"jkurA4MJQnmF6+2ult86RECWOE5eICiVb/V46GK9Jujy+YC+fYVmbYsj4G9Mqe6DBDaMkOMLhsW0Wu+r3Kq4ng==", "task"=>{"title"=>""}, "commit"=>"Create Task"}
  [1m[35m (0.0ms)[0m  [1m[36mbegin transaction[0m
  â†³ app/controllers/tasks_controller.rb:12
  [1m[35m (0.0ms)[0m  [1m[31mrollback transaction[0m
  â†³ app/controllers/tasks_controller.rb:12
  Rendering tasks/new.html.erb within layouts/application
  Rendered tasks/new.html.erb within layouts/application (1.4ms)
Completed 200 OK in 16ms (Views: 13.7ms | ActiveRecord: 0.1ms)


Started POST "/tasks" for ::1 at 2020-03-15 14:01:54 +0900
Processing by TasksController#create as HTML
  Parameters: {"utf8"=>"âœ“", "authenticity_token"=>"pAsce/HxDiVQJxYbIjkec9wglAX9ySSjD7Ictk85s6LYuTfGD30qMV7vG9r4T8q0mIAg20DiivPUHYv18S4t1A==", "task"=>{"title"=>""}, "commit"=>"Create Task"}
  [1m[35m (0.1ms)[0m  [1m[36mbegin transaction[0m
  â†³ app/controllers/tasks_controller.rb:12
  [1m[35m (0.0ms)[0m  [1m[31mrollback transaction[0m
  â†³ app/controllers/tasks_controller.rb:12
  Rendering tasks/new.html.erb within layouts/application
  Rendered tasks/new.html.erb within layouts/application (1.6ms)
Completed 200 OK in 37ms (Views: 24.1ms | ActiveRecord: 0.9ms)


Started POST "/tasks" for ::1 at 2020-03-15 14:02:51 +0900
Processing by TasksController#create as HTML
  Parameters: {"utf8"=>"âœ“", "authenticity_token"=>"Sn9c4c1IXq40saQZNyJAEzzkTP3YBVj1TPtWgqPpsNE2zXdcM8R6ujp5qdjtVJTUeET4I2Uu9qWXVMHBHf4upw==", "task"=>{"title"=>"1234"}, "commit"=>"Create Task"}
  [1m[35m (0.1ms)[0m  [1m[36mbegin transaction[0m
  â†³ app/controllers/tasks_controller.rb:12
  [1m[35m (0.0ms)[0m  [1m[31mrollback transaction[0m
  â†³ app/controllers/tasks_controller.rb:12
  Rendering tasks/new.html.erb within layouts/application
  Rendered tasks/new.html.erb within layouts/application (2.3ms)
Completed 200 OK in 18ms (Views: 16.2ms | ActiveRecord: 0.1ms)


Started POST "/tasks" for ::1 at 2020-03-15 14:03:04 +0900
Processing by TasksController#create as HTML
  Parameters: {"utf8"=>"âœ“", "authenticity_token"=>"UnHLJJOMksFXcfL6j8frMBThzMVa12V6pWuHiAIKtwouw+CZbQC21Vm5/ztVsT/3UEF4G+f8yyp+xBDLvB0pfA==", "task"=>{"title"=>"12345"}, "commit"=>"Create Task"}
  [1m[35m (0.0ms)[0m  [1m[36mbegin transaction[0m
  â†³ app/controllers/tasks_controller.rb:12
  [1m[36mTask Create (0.5ms)[0m  [1m[32mINSERT INTO "tasks" ("title", "created_at", "updated_at") VALUES (?, ?, ?)[0m  [["title", "12345"], ["created_at", "2020-03-15 05:03:04.175556"], ["updated_at", "2020-03-15 05:03:04.175556"]]
  â†³ app/controllers/tasks_controller.rb:12
  [1m[35m (1.5ms)[0m  [1m[36mcommit transaction[0m
  â†³ app/controllers/tasks_controller.rb:12
Redirected to http://localhost:3000/
Completed 302 Found in 5ms (ActiveRecord: 2.1ms)


Started GET "/" for ::1 at 2020-03-15 14:03:04 +0900
Processing by TasksController#index as HTML
  Rendering tasks/index.html.erb within layouts/application
  [1m[36mTask Load (0.3ms)[0m  [1m[34mSELECT "tasks".* FROM "tasks"[0m
  â†³ app/views/tasks/index.html.erb:3
  Rendered tasks/index.html.erb within layouts/application (2.5ms)
Completed 200 OK in 35ms (Views: 32.1ms | ActiveRecord: 0.3ms)


Started GET "/" for ::1 at 2020-03-15 14:05:38 +0900
Processing by TasksController#index as HTML
  Rendering tasks/index.html.erb within layouts/application
  [1m[36mTask Load (0.1ms)[0m  [1m[34mSELECT "tasks".* FROM "tasks"[0m
  â†³ app/views/tasks/index.html.erb:3
  Rendered tasks/index.html.erb within layouts/application (1.8ms)
Completed 200 OK in 32ms (Views: 29.6ms | ActiveRecord: 0.1ms)


Started GET "/tasks/new" for ::1 at 2020-03-15 14:05:40 +0900
Processing by TasksController#new as HTML
  Rendering tasks/new.html.erb within layouts/application
  Rendered tasks/new.html.erb within layouts/application (2.3ms)
Completed 200 OK in 20ms (Views: 17.8ms | ActiveRecord: 0.0ms)


Started POST "/tasks" for ::1 at 2020-03-15 14:05:42 +0900
Processing by TasksController#create as HTML
  Parameters: {"utf8"=>"âœ“", "authenticity_token"=>"wgryrQXTC0RgRdNyQlnlZgifYZJsShBI0CFExZx2PCJXmtsHWKNfzfGnxNmKv7iRGAmlR7ECx85lvvb6hZkO1g==", "task"=>{"title"=>""}, "commit"=>"Create Task"}
  [1m[35m (0.0ms)[0m  [1m[36mbegin transaction[0m
  â†³ app/controllers/tasks_controller.rb:12
  [1m[35m (0.0ms)[0m  [1m[31mrollback transaction[0m
  â†³ app/controllers/tasks_controller.rb:12
  Rendering tasks/new.html.erb within layouts/application
  Rendered tasks/new.html.erb within layouts/application (2.2ms)
Completed 200 OK in 17ms (Views: 14.6ms | ActiveRecord: 0.1ms)


Started POST "/tasks" for ::1 at 2020-03-15 14:06:06 +0900
Processing by TasksController#create as HTML
  Parameters: {"utf8"=>"âœ“", "authenticity_token"=>"4jtr8GFKEjGVb8I9akMTNthXTiURX0KK/jTuABjQWM2eiUBNn8Y2JZunz/ywNcfxnPf6+6x07Nolm3lDpsfGuw==", "task"=>{"title"=>"1234"}, "commit"=>"Create Task"}
  [1m[35m (0.0ms)[0m  [1m[36mbegin transaction[0m
  â†³ app/controllers/tasks_controller.rb:12
  [1m[35m (0.0ms)[0m  [1m[31mrollback transaction[0m
  â†³ app/controllers/tasks_controller.rb:12
  Rendering tasks/new.html.erb within layouts/application
  Rendered tasks/new.html.erb within layouts/application (1.7ms)
Completed 200 OK in 16ms (Views: 14.2ms | ActiveRecord: 0.1ms)


Started POST "/tasks" for ::1 at 2020-03-15 14:06:12 +0900
Processing by TasksController#create as HTML
  Parameters: {"utf8"=>"âœ“", "authenticity_token"=>"3BBSYKnnuiKD1NU46z+lREt7mDgWh0DVGxgNN7vR0OCgonndV2ueNo0c2PkxSXGDD9ss5qus7oXAt5p0BcZOlg==", "task"=>{"title"=>""}, "commit"=>"Create Task"}
  [1m[35m (0.0ms)[0m  [1m[36mbegin transaction[0m
  â†³ app/controllers/tasks_controller.rb:12
  [1m[35m (0.0ms)[0m  [1m[31mrollback transaction[0m
  â†³ app/controllers/tasks_controller.rb:12
  Rendering tasks/new.html.erb within layouts/application
  Rendered tasks/new.html.erb within layouts/application (1.7ms)
Completed 200 OK in 17ms (Views: 14.9ms | ActiveRecord: 0.1ms)


Started POST "/tasks" for ::1 at 2020-03-15 14:06:15 +0900
Processing by TasksController#create as HTML
  Parameters: {"utf8"=>"âœ“", "authenticity_token"=>"3BBSYKnnuiKD1NU46z+lREt7mDgWh0DVGxgNN7vR0OCgonndV2ueNo0c2PkxSXGDD9ss5qus7oXAt5p0BcZOlg==", "task"=>{"title"=>""}, "commit"=>"Create Task"}
  [1m[35m (0.0ms)[0m  [1m[36mbegin transaction[0m
  â†³ app/controllers/tasks_controller.rb:12
  [1m[35m (0.0ms)[0m  [1m[31mrollback transaction[0m
  â†³ app/controllers/tasks_controller.rb:12
  Rendering tasks/new.html.erb within layouts/application
  Rendered tasks/new.html.erb within layouts/application (2.3ms)
Completed 200 OK in 18ms (Views: 15.6ms | ActiveRecord: 0.1ms)


Started POST "/tasks" for ::1 at 2020-03-15 14:06:16 +0900
Processing by TasksController#create as HTML
  Parameters: {"utf8"=>"âœ“", "authenticity_token"=>"/0Dr1iVjdWaabr4T5C3jSf9JzhGGzDFnw83wTiC26JuD8sBr2+9RcpSms9I+WzeOu+l6zzvnnzcYYmcNnqF27Q==", "task"=>{"title"=>""}, "commit"=>"Create Task"}
  [1m[35m (0.1ms)[0m  [1m[36mbegin transaction[0m
  â†³ app/controllers/tasks_controller.rb:12
  [1m[35m (0.0ms)[0m  [1m[31mrollback transaction[0m
  â†³ app/controllers/tasks_controller.rb:12
  Rendering tasks/new.html.erb within layouts/application
  Rendered tasks/new.html.erb within layouts/application (1.5ms)
Completed 200 OK in 29ms (Views: 26.6ms | ActiveRecord: 0.2ms)


Started POST "/tasks" for ::1 at 2020-03-15 14:06:43 +0900
Processing by TasksController#create as HTML
  Parameters: {"utf8"=>"âœ“", "authenticity_token"=>"35RIDyfZJ4ny2YR5kRMlQ5TEgIyQNl2E+Vj3h4ujxxWjJmOy2VUDnfwRibhLZfGE0GQ0Ui0d89Qi92DENbRZYw==", "task"=>{"title"=>""}, "commit"=>"Create Task"}
  [1m[35m (0.1ms)[0m  [1m[36mbegin transaction[0m
  â†³ app/controllers/tasks_controller.rb:12
  [1m[35m (0.0ms)[0m  [1m[31mrollback transaction[0m
  â†³ app/controllers/tasks_controller.rb:12
  Rendering tasks/new.html.erb within layouts/application
  Rendered tasks/new.html.erb within layouts/application (1.6ms)
Completed 200 OK in 40ms (Views: 19.6ms | ActiveRecord: 0.9ms)


Started POST "/tasks" for ::1 at 2020-03-15 14:06:46 +0900
Processing by TasksController#create as HTML
  Parameters: {"utf8"=>"âœ“", "authenticity_token"=>"35RIDyfZJ4ny2YR5kRMlQ5TEgIyQNl2E+Vj3h4ujxxWjJmOy2VUDnfwRibhLZfGE0GQ0Ui0d89Qi92DENbRZYw==", "task"=>{"title"=>""}, "commit"=>"Create Task"}
  [1m[35m (0.1ms)[0m  [1m[36mbegin transaction[0m
  â†³ app/controllers/tasks_controller.rb:12
  [1m[35m (0.0ms)[0m  [1m[31mrollback transaction[0m
  â†³ app/controllers/tasks_controller.rb:12
  Rendering tasks/new.html.erb within layouts/application
  Rendered tasks/new.html.erb within layouts/application (2.0ms)
Completed 200 OK in 22ms (Views: 19.6ms | ActiveRecord: 0.1ms)


Started POST "/tasks" for ::1 at 2020-03-15 14:06:48 +0900
Processing by TasksController#create as HTML
  Parameters: {"utf8"=>"âœ“", "authenticity_token"=>"U5IA6BozoZzNIGi4EAUo+BHAWq8Q49zh+V3M4h2j/YcvICtV5L+FiMPoZXnKc/w/VWDuca3IcrEi8luho7Rj8Q==", "task"=>{"title"=>""}, "commit"=>"Create Task"}
  [1m[35m (0.1ms)[0m  [1m[36mbegin transaction[0m
  â†³ app/controllers/tasks_controller.rb:12
  [1m[35m (0.0ms)[0m  [1m[31mrollback transaction[0m
  â†³ app/controllers/tasks_controller.rb:12
  Rendering tasks/new.html.erb within layouts/application
  Rendered tasks/new.html.erb within layouts/application (1.5ms)
Completed 200 OK in 16ms (Views: 14.1ms | ActiveRecord: 0.1ms)


Started POST "/tasks" for ::1 at 2020-03-15 14:07:36 +0900
Processing by TasksController#create as HTML
  Parameters: {"utf8"=>"âœ“", "authenticity_token"=>"U5IA6BozoZzNIGi4EAUo+BHAWq8Q49zh+V3M4h2j/YcvICtV5L+FiMPoZXnKc/w/VWDuca3IcrEi8luho7Rj8Q==", "task"=>{"title"=>""}, "commit"=>"Create Task"}
  [1m[35m (0.1ms)[0m  [1m[36mbegin transaction[0m
  â†³ app/controllers/tasks_controller.rb:12
  [1m[35m (0.1ms)[0m  [1m[31mrollback transaction[0m
  â†³ app/controllers/tasks_controller.rb:12
  Rendering tasks/new.html.erb within layouts/application
  Rendered tasks/new.html.erb within layouts/application (1.7ms)
Completed 200 OK in 43ms (Views: 21.7ms | ActiveRecord: 1.7ms)


Started POST "/tasks" for ::1 at 2020-03-15 14:07:37 +0900
Processing by TasksController#create as HTML
  Parameters: {"utf8"=>"âœ“", "authenticity_token"=>"mctT4oujzWgVp8dlEWCgFzpnQI2hVovzByOymtb5kpvleXhfdS/pfBtvyqTLFnTQfsf0Uxx9JaPcjCXZaO4M7Q==", "task"=>{"title"=>""}, "commit"=>"Create Task"}
  [1m[35m (0.0ms)[0m  [1m[36mbegin transaction[0m
  â†³ app/controllers/tasks_controller.rb:12
  [1m[35m (0.0ms)[0m  [1m[31mrollback transaction[0m
  â†³ app/controllers/tasks_controller.rb:12
  Rendering tasks/new.html.erb within layouts/application
  Rendered tasks/new.html.erb within layouts/application (1.6ms)
Completed 200 OK in 38ms (Views: 34.3ms | ActiveRecord: 0.1ms)


Started POST "/tasks" for ::1 at 2020-03-15 14:07:38 +0900
Processing by TasksController#create as HTML
  Parameters: {"utf8"=>"âœ“", "authenticity_token"=>"RHsAibxPWq8vwoxWeUy8M90QkMNDWA8I3xdLiuZXzqc4ySs0QsN+uyEKgZejOmj0mbAkHf5zoVgEuNzJWEBQ0Q==", "task"=>{"title"=>""}, "commit"=>"Create Task"}
  [1m[35m (0.1ms)[0m  [1m[36mbegin transaction[0m
  â†³ app/controllers/tasks_controller.rb:12
  [1m[35m (0.0ms)[0m  [1m[31mrollback transaction[0m
  â†³ app/controllers/tasks_controller.rb:12
  Rendering tasks/new.html.erb within layouts/application
  Rendered tasks/new.html.erb within layouts/application (2.3ms)
Completed 200 OK in 18ms (Views: 15.0ms | ActiveRecord: 0.1ms)


Started POST "/tasks" for ::1 at 2020-03-15 14:09:12 +0900
Processing by TasksController#create as HTML
  Parameters: {"utf8"=>"âœ“", "authenticity_token"=>"RHsAibxPWq8vwoxWeUy8M90QkMNDWA8I3xdLiuZXzqc4ySs0QsN+uyEKgZejOmj0mbAkHf5zoVgEuNzJWEBQ0Q==", "task"=>{"title"=>""}, "commit"=>"Create Task"}
  [1m[35m (0.1ms)[0m  [1m[36mbegin transaction[0m
  â†³ app/controllers/tasks_controller.rb:12
  [1m[35m (0.1ms)[0m  [1m[31mrollback transaction[0m
  â†³ app/controllers/tasks_controller.rb:12
  Rendering tasks/new.html.erb within layouts/application
  Rendered tasks/new.html.erb within layouts/application (2.5ms)
Completed 200 OK in 40ms (Views: 22.7ms | ActiveRecord: 1.4ms)


Started POST "/tasks" for ::1 at 2020-03-15 14:09:13 +0900
Processing by TasksController#create as HTML
  Parameters: {"utf8"=>"âœ“", "authenticity_token"=>"/UbSb+R0KiH8Nxe2Q0H5ZOiTc8yW+I/zs66LVz1/JOyB9PnSGvgONfL/GneZNy2jrDPHEivTIaNoARwUg2i6mg==", "task"=>{"title"=>""}, "commit"=>"Create Task"}
  [1m[35m (0.1ms)[0m  [1m[36mbegin transaction[0m
  â†³ app/controllers/tasks_controller.rb:12
  [1m[35m (0.0ms)[0m  [1m[31mrollback transaction[0m
  â†³ app/controllers/tasks_controller.rb:12
  Rendering tasks/new.html.erb within layouts/application
  Rendered tasks/new.html.erb within layouts/application (1.8ms)
Completed 200 OK in 21ms (Views: 18.0ms | ActiveRecord: 0.1ms)


Started POST "/tasks" for ::1 at 2020-03-15 14:09:15 +0900
Processing by TasksController#create as HTML
  Parameters: {"utf8"=>"âœ“", "authenticity_token"=>"mPtWsaez/MO0scIFqu9MKu/X+GjWOwke9tzsgXFC0ALkSX0MWT/Y17p5z8RwmZjtq3dMtmsQp04tc3vCz1VOdA==", "task"=>{"title"=>"a"}, "commit"=>"Create Task"}
  [1m[35m (0.1ms)[0m  [1m[36mbegin transaction[0m
  â†³ app/controllers/tasks_controller.rb:12
  [1m[35m (0.0ms)[0m  [1m[31mrollback transaction[0m
  â†³ app/controllers/tasks_controller.rb:12
  Rendering tasks/new.html.erb within layouts/application
  Rendered tasks/new.html.erb within layouts/application (2.4ms)
Completed 200 OK in 22ms (Views: 20.1ms | ActiveRecord: 0.1ms)


Started POST "/tasks" for ::1 at 2020-03-15 14:12:01 +0900
Processing by TasksController#create as HTML
  Parameters: {"utf8"=>"âœ“", "authenticity_token"=>"txOdR//l8aWLEeqJ5QA391LPj5tzhdXvzfS3oNYGZa3Lobb6AWnVsYXZ50g/duMwFm87Rc6ue78WWyDjaBH72w==", "task"=>{"title"=>""}, "commit"=>"Create Task"}
  [1m[35m (0.0ms)[0m  [1m[36mbegin transaction[0m
  â†³ app/controllers/tasks_controller.rb:12
  [1m[35m (0.1ms)[0m  [1m[31mrollback transaction[0m
  â†³ app/controllers/tasks_controller.rb:12
  Rendering tasks/new.html.erb within layouts/application
  Rendered tasks/new.html.erb within layouts/application (1.5ms)
Completed 200 OK in 33ms (Views: 30.0ms | ActiveRecord: 0.1ms)


Started POST "/tasks" for ::1 at 2020-03-15 14:16:23 +0900
Processing by TasksController#create as HTML
  Parameters: {"utf8"=>"âœ“", "authenticity_token"=>"txOdR//l8aWLEeqJ5QA391LPj5tzhdXvzfS3oNYGZa3Lobb6AWnVsYXZ50g/duMwFm87Rc6ue78WWyDjaBH72w==", "task"=>{"title"=>""}, "commit"=>"Create Task"}
  [1m[35m (0.1ms)[0m  [1m[36mbegin transaction[0m
  â†³ app/controllers/tasks_controller.rb:12
  [1m[35m (0.1ms)[0m  [1m[31mrollback transaction[0m
  â†³ app/controllers/tasks_controller.rb:12
  Rendering tasks/new.html.erb within layouts/application
  Rendered tasks/new.html.erb within layouts/application (1.9ms)
Completed 200 OK in 36ms (Views: 32.6ms | ActiveRecord: 0.2ms)


Started POST "/tasks" for ::1 at 2020-03-15 14:16:24 +0900
Processing by TasksController#create as HTML
  Parameters: {"utf8"=>"âœ“", "authenticity_token"=>"lcrI+cTEBdBuHrXhKrDDX5FnfzPN0e5pfHTHbeIlfvfpeONEOkghxGDWuCDwxheY1cfL7XD6QDmn21AuXDLggQ==", "task"=>{"title"=>""}, "commit"=>"Create Task"}
  [1m[35m (0.1ms)[0m  [1m[36mbegin transaction[0m
  â†³ app/controllers/tasks_controller.rb:12
  [1m[35m (0.1ms)[0m  [1m[31mrollback transaction[0m
  â†³ app/controllers/tasks_controller.rb:12
  Rendering tasks/new.html.erb within layouts/application
  Rendered tasks/new.html.erb within layouts/application (2.0ms)
Completed 200 OK in 21ms (Views: 16.4ms | ActiveRecord: 0.1ms)


Started POST "/tasks" for ::1 at 2020-03-15 14:19:19 +0900
  [1m[35m (0.2ms)[0m  [1m[34mSELECT "schema_migrations"."version" FROM "schema_migrations" ORDER BY "schema_migrations"."version" ASC[0m
  â†³ /Users/HayatoKoyama/.rbenv/versions/2.6.5/lib/ruby/gems/2.6.0/gems/activerecord-5.2.4.1/lib/active_record/log_subscriber.rb:98
Processing by TasksController#create as HTML
  Parameters: {"utf8"=>"âœ“", "authenticity_token"=>"ogC3uTxzYEuMmq14VNGOoa1C6OkKS1Xf4ANT00oytQrespwEwv9EX4JSoLmOp1pm6eJcN7dg+487rMSQ9CUrfA==", "task"=>{"title"=>""}, "commit"=>"Create Task"}
  [1m[35m (0.1ms)[0m  [1m[36mbegin transaction[0m
  â†³ app/controllers/tasks_controller.rb:12
  [1m[35m (0.1ms)[0m  [1m[31mrollback transaction[0m
  â†³ app/controllers/tasks_controller.rb:12
  Rendering tasks/new.html.erb within layouts/application
  Rendered tasks/new.html.erb within layouts/application (10.2ms)
Completed 200 OK in 1528ms (Views: 281.6ms | ActiveRecord: 3.5ms)


Started POST "/tasks" for ::1 at 2020-03-15 14:19:26 +0900
Processing by TasksController#create as HTML
  Parameters: {"utf8"=>"âœ“", "authenticity_token"=>"+EdgbNYiv0k0UCyQiUJuS08B/r2/7FhXUgBdo+mYTO2E9UvRKK6bXTqYIVFTNLqMC6FKYwLH9geJr8rgV4/Smw==", "task"=>{"title"=>""}, "commit"=>"ç™»éŒ²ã™ã‚‹"}
  [1m[35m (0.1ms)[0m  [1m[36mbegin transaction[0m
  â†³ app/controllers/tasks_controller.rb:12
  [1m[35m (0.0ms)[0m  [1m[31mrollback transaction[0m
  â†³ app/controllers/tasks_controller.rb:12
  Rendering tasks/new.html.erb within layouts/application
  Rendered tasks/new.html.erb within layouts/application (1.7ms)
Completed 200 OK in 25ms (Views: 21.2ms | ActiveRecord: 0.1ms)


Started POST "/tasks" for ::1 at 2020-03-15 14:19:30 +0900
Processing by TasksController#create as HTML
  Parameters: {"utf8"=>"âœ“", "authenticity_token"=>"SazFPXAfuDGg4eCYPcHZMkDmvzLRTJ8H/RaAdVOxMGU1Hu6AjpOcJa4p7Vnntw31BEYL7GxnMVcmuRc27aauEw==", "task"=>{"title"=>"123"}, "commit"=>"ç™»éŒ²ã™ã‚‹"}
  [1m[35m (0.0ms)[0m  [1m[36mbegin transaction[0m
  â†³ app/controllers/tasks_controller.rb:12
  [1m[35m (0.0ms)[0m  [1m[31mrollback transaction[0m
  â†³ app/controllers/tasks_controller.rb:12
  Rendering tasks/new.html.erb within layouts/application
  Rendered tasks/new.html.erb within layouts/application (1.9ms)
Completed 200 OK in 19ms (Views: 17.1ms | ActiveRecord: 0.1ms)


Started POST "/tasks" for ::1 at 2020-03-15 14:19:50 +0900
Processing by TasksController#create as HTML
  Parameters: {"utf8"=>"âœ“", "authenticity_token"=>"T8k1mmjWcV9hZ8sHAhp4/E8dwt82prSEOnQ9dUBf1hUzex4nllpVS2+vxsbYbKw7C712AYuNGtTh26o2/khIYw==", "task"=>{"title"=>""}, "commit"=>"ç™»éŒ²ã™ã‚‹"}
  [1m[35m (0.0ms)[0m  [1m[36mbegin transaction[0m
  â†³ app/controllers/tasks_controller.rb:12
  [1m[35m (0.0ms)[0m  [1m[31mrollback transaction[0m
  â†³ app/controllers/tasks_controller.rb:12
  Rendering tasks/new.html.erb within layouts/application
  Rendered tasks/new.html.erb within layouts/application (1.7ms)
Completed 200 OK in 49ms (Views: 46.8ms | ActiveRecord: 0.1ms)


Started POST "/tasks" for ::1 at 2020-03-15 14:21:20 +0900
Processing by TasksController#create as HTML
  Parameters: {"utf8"=>"âœ“", "authenticity_token"=>"T8k1mmjWcV9hZ8sHAhp4/E8dwt82prSEOnQ9dUBf1hUzex4nllpVS2+vxsbYbKw7C712AYuNGtTh26o2/khIYw==", "task"=>{"title"=>""}, "commit"=>"ç™»éŒ²ã™ã‚‹"}
  [1m[35m (0.1ms)[0m  [1m[36mbegin transaction[0m
  â†³ app/controllers/tasks_controller.rb:12
  [1m[35m (0.0ms)[0m  [1m[31mrollback transaction[0m
  â†³ app/controllers/tasks_controller.rb:12
  Rendering tasks/new.html.erb within layouts/application
  Rendered tasks/new.html.erb within layouts/application (3.1ms)
Completed 200 OK in 29ms (Views: 25.1ms | ActiveRecord: 0.1ms)


Started POST "/tasks" for ::1 at 2020-03-15 14:21:21 +0900
Processing by TasksController#create as HTML
  Parameters: {"utf8"=>"âœ“", "authenticity_token"=>"su+iappXo47GbPMjaBk5+VxjmYlBLk/xBHEMwwPWk/vOXYnXZNuHmsik/uKyb+0+GMMtV/wF4aHf3puAvcENjQ==", "task"=>{"title"=>""}, "commit"=>"ç™»éŒ²ã™ã‚‹"}
  [1m[35m (0.1ms)[0m  [1m[36mbegin transaction[0m
  â†³ app/controllers/tasks_controller.rb:12
  [1m[35m (0.0ms)[0m  [1m[31mrollback transaction[0m
  â†³ app/controllers/tasks_controller.rb:12
  Rendering tasks/new.html.erb within layouts/application
  Rendered tasks/new.html.erb within layouts/application (3.6ms)
Completed 200 OK in 19ms (Views: 16.5ms | ActiveRecord: 0.1ms)


Started POST "/tasks" for ::1 at 2020-03-15 14:21:50 +0900
Processing by TasksController#create as HTML
  Parameters: {"utf8"=>"âœ“", "authenticity_token"=>"su+iappXo47GbPMjaBk5+VxjmYlBLk/xBHEMwwPWk/vOXYnXZNuHmsik/uKyb+0+GMMtV/wF4aHf3puAvcENjQ==", "task"=>{"title"=>""}, "commit"=>"ç™»éŒ²ã™ã‚‹"}
  [1m[35m (0.1ms)[0m  [1m[36mbegin transaction[0m
  â†³ app/controllers/tasks_controller.rb:12
  [1m[35m (0.1ms)[0m  [1m[31mrollback transaction[0m
  â†³ app/controllers/tasks_controller.rb:12
  Rendering tasks/new.html.erb within layouts/application
  Rendered tasks/new.html.erb within layouts/application (4.3ms)
Completed 200 OK in 58ms (Views: 36.2ms | ActiveRecord: 1.0ms)


Started POST "/tasks" for ::1 at 2020-03-15 14:27:55 +0900
Processing by TasksController#create as HTML
  Parameters: {"utf8"=>"âœ“", "authenticity_token"=>"XK21yTSds33IlnqxEgFFwSolG3ne/2iC8bfCvcdmFbQgH550yhGXacZed3DId5EGboWvp2PUxtIqGFX+eXGLwg==", "task"=>{"title"=>"12345"}, "commit"=>"ç™»éŒ²ã™ã‚‹"}
  [1m[35m (0.1ms)[0m  [1m[36mbegin transaction[0m
  â†³ app/controllers/tasks_controller.rb:12
  [1m[36mTask Create (3.3ms)[0m  [1m[32mINSERT INTO "tasks" ("title", "created_at", "updated_at") VALUES (?, ?, ?)[0m  [["title", "12345"], ["created_at", "2020-03-15 05:27:55.291192"], ["updated_at", "2020-03-15 05:27:55.291192"]]
  â†³ app/controllers/tasks_controller.rb:12
  [1m[35m (0.8ms)[0m  [1m[36mcommit transaction[0m
  â†³ app/controllers/tasks_controller.rb:12
Redirected to http://localhost:3000/
Completed 302 Found in 23ms (ActiveRecord: 5.6ms)


Started GET "/" for ::1 at 2020-03-15 14:27:55 +0900
Processing by TasksController#index as HTML
  Rendering tasks/index.html.erb within layouts/application
  [1m[36mTask Load (0.2ms)[0m  [1m[34mSELECT "tasks".* FROM "tasks"[0m
  â†³ app/views/tasks/index.html.erb:3
  Rendered tasks/index.html.erb within layouts/application (3.8ms)
Completed 200 OK in 31ms (Views: 28.7ms | ActiveRecord: 0.2ms)


Started GET "/" for ::1 at 2020-03-15 14:30:29 +0900
Processing by TasksController#index as HTML
  Rendering tasks/index.html.erb within layouts/application
  [1m[36mTask Load (0.2ms)[0m  [1m[34mSELECT "tasks".* FROM "tasks"[0m
  â†³ app/views/tasks/index.html.erb:3
  Rendered tasks/index.html.erb within layouts/application (2.7ms)
Completed 200 OK in 64ms (Views: 62.2ms | ActiveRecord: 0.2ms)


Started GET "/tasks/1/edit" for ::1 at 2020-03-15 14:34:50 +0900
Processing by TasksController#edit as HTML
  Parameters: {"id"=>"1"}
  [1m[36mTask Load (0.3ms)[0m  [1m[34mSELECT  "tasks".* FROM "tasks" WHERE "tasks"."id" = ? LIMIT ?[0m  [["id", 1], ["LIMIT", 1]]
  â†³ app/controllers/tasks_controller.rb:21
  Rendering tasks/edit.html.erb within layouts/application
  Rendered tasks/edit.html.erb within layouts/application (4.8ms)
Completed 200 OK in 58ms (Views: 33.4ms | ActiveRecord: 1.2ms)


Started GET "/tasks/1/edit" for ::1 at 2020-03-15 14:38:59 +0900
Processing by TasksController#edit as HTML
  Parameters: {"id"=>"1"}
  [1m[36mTask Load (0.2ms)[0m  [1m[34mSELECT  "tasks".* FROM "tasks" WHERE "tasks"."id" = ? LIMIT ?[0m  [["id", 1], ["LIMIT", 1]]
  â†³ app/controllers/tasks_controller.rb:21
  Rendering tasks/edit.html.erb within layouts/application
  Rendered tasks/edit.html.erb within layouts/application (3.6ms)
Completed 200 OK in 53ms (Views: 30.2ms | ActiveRecord: 1.4ms)


Started PATCH "/tasks/1" for ::1 at 2020-03-15 14:39:04 +0900
Processing by TasksController#update as HTML
  Parameters: {"utf8"=>"âœ“", "authenticity_token"=>"7sfdZ75p18Z8tZT0N/aUWHKJq/Gu9HT2zxE8NlbmJO2SdfbaQOXz0nJ9mTXtgECfNikfLxPf2qYUvqt16PG6mw==", "task"=>{"title"=>"test999"}, "commit"=>"æ›´æ–°ã™ã‚‹", "id"=>"1"}
  [1m[36mTask Load (0.1ms)[0m  [1m[34mSELECT  "tasks".* FROM "tasks" WHERE "tasks"."id" = ? LIMIT ?[0m  [["id", 1], ["LIMIT", 1]]
  â†³ app/controllers/tasks_controller.rb:25
  [1m[35m (0.1ms)[0m  [1m[36mbegin transaction[0m
  â†³ app/controllers/tasks_controller.rb:27
  [1m[36mTask Update (0.5ms)[0m  [1m[33mUPDATE "tasks" SET "title" = ?, "updated_at" = ? WHERE "tasks"."id" = ?[0m  [["title", "test999"], ["updated_at", "2020-03-15 05:39:04.261196"], ["id", 1]]
  â†³ app/controllers/tasks_controller.rb:27
  [1m[35m (0.8ms)[0m  [1m[36mcommit transaction[0m
  â†³ app/controllers/tasks_controller.rb:27
Redirected to http://localhost:3000/
Completed 302 Found in 7ms (ActiveRecord: 1.5ms)


Started GET "/" for ::1 at 2020-03-15 14:39:04 +0900
Processing by TasksController#index as HTML
  Rendering tasks/index.html.erb within layouts/application
  [1m[36mTask Load (0.2ms)[0m  [1m[34mSELECT "tasks".* FROM "tasks"[0m
  â†³ app/views/tasks/index.html.erb:3
  Rendered tasks/index.html.erb within layouts/application (2.2ms)
Completed 200 OK in 23ms (Views: 21.0ms | ActiveRecord: 0.2ms)


Started GET "/tasks/2/edit" for ::1 at 2020-03-15 14:39:06 +0900
Processing by TasksController#edit as HTML
  Parameters: {"id"=>"2"}
  [1m[36mTask Load (0.3ms)[0m  [1m[34mSELECT  "tasks".* FROM "tasks" WHERE "tasks"."id" = ? LIMIT ?[0m  [["id", 2], ["LIMIT", 1]]
  â†³ app/controllers/tasks_controller.rb:21
  Rendering tasks/edit.html.erb within layouts/application
  Rendered tasks/edit.html.erb within layouts/application (2.1ms)
Completed 200 OK in 48ms (Views: 42.5ms | ActiveRecord: 0.3ms)


Started PATCH "/tasks/2" for ::1 at 2020-03-15 14:39:15 +0900
Processing by TasksController#update as HTML
  Parameters: {"utf8"=>"âœ“", "authenticity_token"=>"uRmiGOFivwGVybNOSRcqNqtuclKMFIGyeRVaHv5NRSpEW4cdOwd9MCgaOGfMxV0vH0vlEGxqLpjzpaygT1wahQ==", "task"=>{"title"=>"test2333"}, "commit"=>"æ›´æ–°ã™ã‚‹", "id"=>"2"}
  [1m[36mTask Load (0.1ms)[0m  [1m[34mSELECT  "tasks".* FROM "tasks" WHERE "tasks"."id" = ? LIMIT ?[0m  [["id", 2], ["LIMIT", 1]]
  â†³ app/controllers/tasks_controller.rb:25
  [1m[35m (0.0ms)[0m  [1m[36mbegin transaction[0m
  â†³ app/controllers/tasks_controller.rb:27
  [1m[36mTask Update (0.4ms)[0m  [1m[33mUPDATE "tasks" SET "title" = ?, "updated_at" = ? WHERE "tasks"."id" = ?[0m  [["title", "test2333"], ["updated_at", "2020-03-15 05:39:15.585948"], ["id", 2]]
  â†³ app/controllers/tasks_controller.rb:27
  [1m[35m (1.3ms)[0m  [1m[36mcommit transaction[0m
  â†³ app/controllers/tasks_controller.rb:27
Redirected to http://localhost:3000/
Completed 302 Found in 6ms (ActiveRecord: 1.9ms)


Started GET "/" for ::1 at 2020-03-15 14:39:15 +0900
Processing by TasksController#index as HTML
  Rendering tasks/index.html.erb within layouts/application
  [1m[36mTask Load (0.2ms)[0m  [1m[34mSELECT "tasks".* FROM "tasks"[0m
  â†³ app/views/tasks/index.html.erb:3
  Rendered tasks/index.html.erb within layouts/application (1.8ms)
Completed 200 OK in 19ms (Views: 17.5ms | ActiveRecord: 0.2ms)


Started GET "/tasks/1/edit" for ::1 at 2020-03-15 14:39:34 +0900
Processing by TasksController#edit as HTML
  Parameters: {"id"=>"1"}
  [1m[36mTask Load (0.2ms)[0m  [1m[34mSELECT  "tasks".* FROM "tasks" WHERE "tasks"."id" = ? LIMIT ?[0m  [["id", 1], ["LIMIT", 1]]
  â†³ app/controllers/tasks_controller.rb:21
  Rendering tasks/edit.html.erb within layouts/application
  Rendered tasks/edit.html.erb within layouts/application (2.0ms)
Completed 200 OK in 20ms (Views: 16.0ms | ActiveRecord: 0.2ms)


Started PATCH "/tasks/1" for ::1 at 2020-03-15 14:39:38 +0900
Processing by TasksController#update as HTML
  Parameters: {"utf8"=>"âœ“", "authenticity_token"=>"acxqKfSM0OPZ7DKj70tbF+qOpXOQAzXfOSNu9p89E5sE3/CtCYLGv1GgZ2OqDvbUAxVB1Rb0jHHiao/1zJrMVw==", "task"=>{"title"=>""}, "commit"=>"æ›´æ–°ã™ã‚‹", "id"=>"1"}
  [1m[36mTask Load (0.1ms)[0m  [1m[34mSELECT  "tasks".* FROM "tasks" WHERE "tasks"."id" = ? LIMIT ?[0m  [["id", 1], ["LIMIT", 1]]
  â†³ app/controllers/tasks_controller.rb:25
  [1m[35m (0.0ms)[0m  [1m[36mbegin transaction[0m
  â†³ app/controllers/tasks_controller.rb:27
  [1m[35m (0.0ms)[0m  [1m[31mrollback transaction[0m
  â†³ app/controllers/tasks_controller.rb:27
  Rendering tasks/edit.html.erb within layouts/application
  Rendered tasks/edit.html.erb within layouts/application (1.9ms)
Completed 200 OK in 19ms (Views: 15.6ms | ActiveRecord: 0.2ms)


Started PATCH "/tasks/1" for ::1 at 2020-03-15 14:39:41 +0900
Processing by TasksController#update as HTML
  Parameters: {"utf8"=>"âœ“", "authenticity_token"=>"+fnzAjxzJ1x3vIHGR6f7Wc18vXQm9P07Boy/qTT+hx2FS9i/wv8DSHl0jAed0S+eidwJqpvfU2vdIyjqiukZaw==", "task"=>{"title"=>"123"}, "commit"=>"æ›´æ–°ã™ã‚‹", "id"=>"1"}
  [1m[36mTask Load (0.1ms)[0m  [1m[34mSELECT  "tasks".* FROM "tasks" WHERE "tasks"."id" = ? LIMIT ?[0m  [["id", 1], ["LIMIT", 1]]
  â†³ app/controllers/tasks_controller.rb:25
  [1m[35m (0.1ms)[0m  [1m[36mbegin transaction[0m
  â†³ app/controllers/tasks_controller.rb:27
  [1m[35m (0.0ms)[0m  [1m[31mrollback transaction[0m
  â†³ app/controllers/tasks_controller.rb:27
  Rendering tasks/edit.html.erb within layouts/application
  Rendered tasks/edit.html.erb within layouts/application (1.9ms)
Completed 200 OK in 19ms (Views: 16.2ms | ActiveRecord: 0.3ms)


Started PATCH "/tasks/1" for ::1 at 2020-03-15 14:39:50 +0900
Processing by TasksController#update as HTML
  Parameters: {"utf8"=>"âœ“", "authenticity_token"=>"ARC6paQHB23715x97T9diitzT80OUKCEAzfDfs5uDZZ9opEYWosjefUfkbw3SYlNb9P7E7N7DtTYmFQ9cHmT4A==", "task"=>{"title"=>"abide"}, "commit"=>"æ›´æ–°ã™ã‚‹", "id"=>"1"}
  [1m[36mTask Load (0.1ms)[0m  [1m[34mSELECT  "tasks".* FROM "tasks" WHERE "tasks"."id" = ? LIMIT ?[0m  [["id", 1], ["LIMIT", 1]]
  â†³ app/controllers/tasks_controller.rb:25
  [1m[35m (0.0ms)[0m  [1m[36mbegin transaction[0m
  â†³ app/controllers/tasks_controller.rb:27
  [1m[36mTask Update (0.4ms)[0m  [1m[33mUPDATE "tasks" SET "title" = ?, "updated_at" = ? WHERE "tasks"."id" = ?[0m  [["title", "abide"], ["updated_at", "2020-03-15 05:39:50.037030"], ["id", 1]]
  â†³ app/controllers/tasks_controller.rb:27
  [1m[35m (1.8ms)[0m  [1m[36mcommit transaction[0m
  â†³ app/controllers/tasks_controller.rb:27
Redirected to http://localhost:3000/
Completed 302 Found in 6ms (ActiveRecord: 2.3ms)


Started GET "/" for ::1 at 2020-03-15 14:39:50 +0900
Processing by TasksController#index as HTML
  Rendering tasks/index.html.erb within layouts/application
  [1m[36mTask Load (0.2ms)[0m  [1m[34mSELECT "tasks".* FROM "tasks"[0m
  â†³ app/views/tasks/index.html.erb:3
  Rendered tasks/index.html.erb within layouts/application (2.0ms)
Completed 200 OK in 20ms (Views: 18.9ms | ActiveRecord: 0.2ms)


Started GET "/" for ::1 at 2020-03-15 14:43:49 +0900
Processing by TasksController#index as HTML
  Rendering tasks/index.html.erb within layouts/application
  [1m[36mTask Load (0.1ms)[0m  [1m[34mSELECT "tasks".* FROM "tasks"[0m
  â†³ app/views/tasks/index.html.erb:3
  Rendered tasks/index.html.erb within layouts/application (2.5ms)
Completed 200 OK in 34ms (Views: 32.6ms | ActiveRecord: 0.1ms)


Started GET "/" for ::1 at 2020-03-15 14:43:52 +0900
Processing by TasksController#index as HTML
  Rendering tasks/index.html.erb within layouts/application
  [1m[36mTask Load (0.1ms)[0m  [1m[34mSELECT "tasks".* FROM "tasks"[0m
  â†³ app/views/tasks/index.html.erb:3
  Rendered tasks/index.html.erb within layouts/application (16.3ms)
Completed 200 OK in 32ms (Views: 30.9ms | ActiveRecord: 0.1ms)


Started GET "/" for ::1 at 2020-03-15 14:44:44 +0900
Processing by TasksController#index as HTML
  Rendering tasks/index.html.erb within layouts/application
  [1m[36mTask Load (0.1ms)[0m  [1m[34mSELECT "tasks".* FROM "tasks"[0m
  â†³ app/views/tasks/index.html.erb:3
  Rendered tasks/index.html.erb within layouts/application (2.2ms)
Completed 200 OK in 23ms (Views: 22.2ms | ActiveRecord: 0.1ms)


Started DELETE "/tasks/1" for ::1 at 2020-03-15 14:50:01 +0900
Processing by TasksController#destroy as HTML
  Parameters: {"authenticity_token"=>"gEAhUabC45MsPildGZAerjJ/V211Raww5QqhCf68fzb88grsWE7HhyL2JJzD5sppdt/js8huAmA+pTZKQKvhQA==", "id"=>"1"}
  [1m[36mTask Load (0.3ms)[0m  [1m[34mSELECT  "tasks".* FROM "tasks" WHERE "tasks"."id" = ? LIMIT ?[0m  [["id", 1], ["LIMIT", 1]]
  â†³ app/controllers/tasks_controller.rb:35
  [1m[35m (0.1ms)[0m  [1m[36mbegin transaction[0m
  â†³ app/controllers/tasks_controller.rb:36
  [1m[36mTask Destroy (1.0ms)[0m  [1m[31mDELETE FROM "tasks" WHERE "tasks"."id" = ?[0m  [["id", 1]]
  â†³ app/controllers/tasks_controller.rb:36
  [1m[35m (1.2ms)[0m  [1m[36mcommit transaction[0m
  â†³ app/controllers/tasks_controller.rb:36
Redirected to http://localhost:3000/
Completed 302 Found in 24ms (ActiveRecord: 3.8ms)


Started GET "/" for ::1 at 2020-03-15 14:50:01 +0900
Processing by TasksController#index as HTML
  Rendering tasks/index.html.erb within layouts/application
  [1m[36mTask Load (0.2ms)[0m  [1m[34mSELECT "tasks".* FROM "tasks"[0m
  â†³ app/views/tasks/index.html.erb:3
  Rendered tasks/index.html.erb within layouts/application (2.1ms)
Completed 200 OK in 27ms (Views: 25.1ms | ActiveRecord: 0.2ms)


Started GET "/" for ::1 at 2020-03-15 15:14:12 +0900
  [1m[35m (0.3ms)[0m  [1m[34mSELECT "schema_migrations"."version" FROM "schema_migrations" ORDER BY "schema_migrations"."version" ASC[0m
  â†³ /Users/HayatoKoyama/.rbenv/versions/2.6.5/lib/ruby/gems/2.6.0/gems/activerecord-5.2.4.1/lib/active_record/log_subscriber.rb:98
Processing by TasksController#index as HTML
  Rendering tasks/index.html.erb within layouts/application
  Rendered tasks/index.html.erb within layouts/application (1.1ms)
Completed 500 Internal Server Error in 15ms (ActiveRecord: 0.0ms)


  
SyntaxError (/Users/HayatoKoyama/app/rails_project/todo_list/app/views/tasks/index.html.erb:5: syntax error, unexpected tIDENTIFIER, expecting ')'
...end=( check_box_tag '', '' task.done, {'data-id' => task.id ...
...                           ^~~~
/Users/HayatoKoyama/app/rails_project/todo_list/app/views/tasks/index.html.erb:5: syntax error, unexpected ')', expecting '.' or &. or :: or '['
...done, {'data-id' => task.id } );@output_buffer.safe_append='
...                              ^
/Users/HayatoKoyama/app/rails_project/todo_list/app/views/tasks/index.html.erb:13: syntax error, unexpected end, expecting ')'
'.freeze;   end 
            ^~~
/Users/HayatoKoyama/app/rails_project/todo_list/app/views/tasks/index.html.erb:27: syntax error, unexpected ensure, expecting ')'
          ensure
          ^~~~~~
/Users/HayatoKoyama/app/rails_project/todo_list/app/views/tasks/index.html.erb:29: syntax error, unexpected end, expecting ')'
          end
          ^~~):
  
app/views/tasks/index.html.erb:5: syntax error, unexpected tIDENTIFIER, expecting ')'
app/views/tasks/index.html.erb:5: syntax error, unexpected ')', expecting '.' or &. or :: or '['
app/views/tasks/index.html.erb:13: syntax error, unexpected end, expecting ')'
app/views/tasks/index.html.erb:27: syntax error, unexpected ensure, expecting ')'
app/views/tasks/index.html.erb:29: syntax error, unexpected end, expecting ')'
Started GET "/" for ::1 at 2020-03-15 15:17:36 +0900
Processing by TasksController#index as HTML
  Rendering tasks/index.html.erb within layouts/application
  Rendered tasks/index.html.erb within layouts/application (1.4ms)
Completed 500 Internal Server Error in 10ms (ActiveRecord: 0.0ms)


  
SyntaxError (/Users/HayatoKoyama/app/rails_project/todo_list/app/views/tasks/index.html.erb:5: syntax error, unexpected tIDENTIFIER, expecting ')'
...end=( check_box_tag '', '' task.done, {'data-id' => task.id ...
...                           ^~~~
/Users/HayatoKoyama/app/rails_project/todo_list/app/views/tasks/index.html.erb:5: syntax error, unexpected ')', expecting '.' or &. or :: or '['
...done, {'data-id' => task.id } );@output_buffer.safe_append='
...                              ^
/Users/HayatoKoyama/app/rails_project/todo_list/app/views/tasks/index.html.erb:13: syntax error, unexpected end, expecting ')'
'.freeze;   end 
            ^~~
/Users/HayatoKoyama/app/rails_project/todo_list/app/views/tasks/index.html.erb:27: syntax error, unexpected ensure, expecting ')'
          ensure
          ^~~~~~
/Users/HayatoKoyama/app/rails_project/todo_list/app/views/tasks/index.html.erb:29: syntax error, unexpected end, expecting ')'
          end
          ^~~):
  
app/views/tasks/index.html.erb:5: syntax error, unexpected tIDENTIFIER, expecting ')'
app/views/tasks/index.html.erb:5: syntax error, unexpected ')', expecting '.' or &. or :: or '['
app/views/tasks/index.html.erb:13: syntax error, unexpected end, expecting ')'
app/views/tasks/index.html.erb:27: syntax error, unexpected ensure, expecting ')'
app/views/tasks/index.html.erb:29: syntax error, unexpected end, expecting ')'
Started GET "/" for ::1 at 2020-03-15 15:17:38 +0900
Processing by TasksController#index as HTML
  Rendering tasks/index.html.erb within layouts/application
  Rendered tasks/index.html.erb within layouts/application (0.7ms)
Completed 500 Internal Server Error in 5ms (ActiveRecord: 0.0ms)


  
SyntaxError (/Users/HayatoKoyama/app/rails_project/todo_list/app/views/tasks/index.html.erb:5: syntax error, unexpected tIDENTIFIER, expecting ')'
...end=( check_box_tag '', '' task.done, {'data-id' => task.id ...
...                           ^~~~
/Users/HayatoKoyama/app/rails_project/todo_list/app/views/tasks/index.html.erb:5: syntax error, unexpected ')', expecting '.' or &. or :: or '['
...done, {'data-id' => task.id } );@output_buffer.safe_append='
...                              ^
/Users/HayatoKoyama/app/rails_project/todo_list/app/views/tasks/index.html.erb:13: syntax error, unexpected end, expecting ')'
'.freeze;   end 
            ^~~
/Users/HayatoKoyama/app/rails_project/todo_list/app/views/tasks/index.html.erb:27: syntax error, unexpected ensure, expecting ')'
          ensure
          ^~~~~~
/Users/HayatoKoyama/app/rails_project/todo_list/app/views/tasks/index.html.erb:29: syntax error, unexpected end, expecting ')'
          end
          ^~~):
  
app/views/tasks/index.html.erb:5: syntax error, unexpected tIDENTIFIER, expecting ')'
app/views/tasks/index.html.erb:5: syntax error, unexpected ')', expecting '.' or &. or :: or '['
app/views/tasks/index.html.erb:13: syntax error, unexpected end, expecting ')'
app/views/tasks/index.html.erb:27: syntax error, unexpected ensure, expecting ')'
app/views/tasks/index.html.erb:29: syntax error, unexpected end, expecting ')'
Started GET "/tasks/1" for ::1 at 2020-03-15 15:17:48 +0900
  
AbstractController::ActionNotFound (The action 'show' could not be found for TasksController):
  
actionpack (5.2.4.1) lib/abstract_controller/base.rb:129:in `process'
actionview (5.2.4.1) lib/action_view/rendering.rb:32:in `process'
actionpack (5.2.4.1) lib/action_controller/metal.rb:191:in `dispatch'
actionpack (5.2.4.1) lib/action_controller/metal.rb:252:in `dispatch'
actionpack (5.2.4.1) lib/action_dispatch/routing/route_set.rb:52:in `dispatch'
actionpack (5.2.4.1) lib/action_dispatch/routing/route_set.rb:34:in `serve'
actionpack (5.2.4.1) lib/action_dispatch/journey/router.rb:52:in `block in serve'
actionpack (5.2.4.1) lib/action_dispatch/journey/router.rb:35:in `each'
actionpack (5.2.4.1) lib/action_dispatch/journey/router.rb:35:in `serve'
actionpack (5.2.4.1) lib/action_dispatch/routing/route_set.rb:840:in `call'
rack (2.2.2) lib/rack/tempfile_reaper.rb:15:in `call'
rack (2.2.2) lib/rack/etag.rb:27:in `call'
rack (2.2.2) lib/rack/conditional_get.rb:27:in `call'
rack (2.2.2) lib/rack/head.rb:12:in `call'
actionpack (5.2.4.1) lib/action_dispatch/http/content_security_policy.rb:18:in `call'
rack (2.2.2) lib/rack/session/abstract/id.rb:266:in `context'
rack (2.2.2) lib/rack/session/abstract/id.rb:260:in `call'
actionpack (5.2.4.1) lib/action_dispatch/middleware/cookies.rb:670:in `call'
activerecord (5.2.4.1) lib/active_record/migration.rb:559:in `call'
actionpack (5.2.4.1) lib/action_dispatch/middleware/callbacks.rb:28:in `block in call'
activesupport (5.2.4.1) lib/active_support/callbacks.rb:98:in `run_callbacks'
actionpack (5.2.4.1) lib/action_dispatch/middleware/callbacks.rb:26:in `call'
actionpack (5.2.4.1) lib/action_dispatch/middleware/executor.rb:14:in `call'
actionpack (5.2.4.1) lib/action_dispatch/middleware/debug_exceptions.rb:61:in `call'
web-console (3.7.0) lib/web_console/middleware.rb:135:in `call_app'
web-console (3.7.0) lib/web_console/middleware.rb:30:in `block in call'
web-console (3.7.0) lib/web_console/middleware.rb:20:in `catch'
web-console (3.7.0) lib/web_console/middleware.rb:20:in `call'
actionpack (5.2.4.1) lib/action_dispatch/middleware/show_exceptions.rb:33:in `call'
railties (5.2.4.1) lib/rails/rack/logger.rb:38:in `call_app'
railties (5.2.4.1) lib/rails/rack/logger.rb:26:in `block in call'
activesupport (5.2.4.1) lib/active_support/tagged_logging.rb:71:in `block in tagged'
activesupport (5.2.4.1) lib/active_support/tagged_logging.rb:28:in `tagged'
activesupport (5.2.4.1) lib/active_support/tagged_logging.rb:71:in `tagged'
railties (5.2.4.1) lib/rails/rack/logger.rb:26:in `call'
sprockets-rails (3.2.1) lib/sprockets/rails/quiet_assets.rb:13:in `call'
actionpack (5.2.4.1) lib/action_dispatch/middleware/remote_ip.rb:81:in `call'
actionpack (5.2.4.1) lib/action_dispatch/middleware/request_id.rb:27:in `call'
rack (2.2.2) lib/rack/method_override.rb:24:in `call'
rack (2.2.2) lib/rack/runtime.rb:22:in `call'
activesupport (5.2.4.1) lib/active_support/cache/strategy/local_cache_middleware.rb:29:in `call'
actionpack (5.2.4.1) lib/action_dispatch/middleware/executor.rb:14:in `call'
actionpack (5.2.4.1) lib/action_dispatch/middleware/static.rb:127:in `call'
rack (2.2.2) lib/rack/sendfile.rb:110:in `call'
railties (5.2.4.1) lib/rails/engine.rb:524:in `call'
puma (3.12.4) lib/puma/configuration.rb:227:in `call'
puma (3.12.4) lib/puma/server.rb:675:in `handle_request'
puma (3.12.4) lib/puma/server.rb:476:in `process_client'
puma (3.12.4) lib/puma/server.rb:334:in `block in run'
puma (3.12.4) lib/puma/thread_pool.rb:135:in `block in spawn_thread'
Started GET "/tasks/1/edit" for ::1 at 2020-03-15 15:17:50 +0900
Processing by TasksController#edit as HTML
  Parameters: {"id"=>"1"}
  [1m[36mTask Load (0.3ms)[0m  [1m[34mSELECT  "tasks".* FROM "tasks" WHERE "tasks"."id" = ? LIMIT ?[0m  [["id", 1], ["LIMIT", 1]]
  â†³ app/controllers/tasks_controller.rb:21
Completed 404 Not Found in 8ms (ActiveRecord: 0.9ms)


  
ActiveRecord::RecordNotFound (Couldn't find Task with 'id'=1):
  
app/controllers/tasks_controller.rb:21:in `edit'
Started GET "/" for ::1 at 2020-03-15 15:17:53 +0900
Processing by TasksController#index as HTML
  Rendering tasks/index.html.erb within layouts/application
  Rendered tasks/index.html.erb within layouts/application (0.9ms)
Completed 500 Internal Server Error in 7ms (ActiveRecord: 0.0ms)


  
SyntaxError (/Users/HayatoKoyama/app/rails_project/todo_list/app/views/tasks/index.html.erb:5: syntax error, unexpected tIDENTIFIER, expecting ')'
...end=( check_box_tag '', '' task.done, {'data-id' => task.id ...
...                           ^~~~
/Users/HayatoKoyama/app/rails_project/todo_list/app/views/tasks/index.html.erb:5: syntax error, unexpected ')', expecting '.' or &. or :: or '['
...done, {'data-id' => task.id } );@output_buffer.safe_append='
...                              ^
/Users/HayatoKoyama/app/rails_project/todo_list/app/views/tasks/index.html.erb:13: syntax error, unexpected end, expecting ')'
'.freeze;   end 
            ^~~
/Users/HayatoKoyama/app/rails_project/todo_list/app/views/tasks/index.html.erb:27: syntax error, unexpected ensure, expecting ')'
          ensure
          ^~~~~~
/Users/HayatoKoyama/app/rails_project/todo_list/app/views/tasks/index.html.erb:29: syntax error, unexpected end, expecting ')'
          end
          ^~~):
  
app/views/tasks/index.html.erb:5: syntax error, unexpected tIDENTIFIER, expecting ')'
app/views/tasks/index.html.erb:5: syntax error, unexpected ')', expecting '.' or &. or :: or '['
app/views/tasks/index.html.erb:13: syntax error, unexpected end, expecting ')'
app/views/tasks/index.html.erb:27: syntax error, unexpected ensure, expecting ')'
app/views/tasks/index.html.erb:29: syntax error, unexpected end, expecting ')'
Started GET "/" for ::1 at 2020-03-15 15:17:57 +0900
Processing by TasksController#index as HTML
  Rendering tasks/index.html.erb within layouts/application
  Rendered tasks/index.html.erb within layouts/application (1.3ms)
Completed 500 Internal Server Error in 6ms (ActiveRecord: 0.0ms)


  
SyntaxError (/Users/HayatoKoyama/app/rails_project/todo_list/app/views/tasks/index.html.erb:5: syntax error, unexpected tIDENTIFIER, expecting ')'
...end=( check_box_tag '', '' task.done, {'data-id' => task.id ...
...                           ^~~~
/Users/HayatoKoyama/app/rails_project/todo_list/app/views/tasks/index.html.erb:5: syntax error, unexpected ')', expecting '.' or &. or :: or '['
...done, {'data-id' => task.id } );@output_buffer.safe_append='
...                              ^
/Users/HayatoKoyama/app/rails_project/todo_list/app/views/tasks/index.html.erb:13: syntax error, unexpected end, expecting ')'
'.freeze;   end 
            ^~~
/Users/HayatoKoyama/app/rails_project/todo_list/app/views/tasks/index.html.erb:27: syntax error, unexpected ensure, expecting ')'
          ensure
          ^~~~~~
/Users/HayatoKoyama/app/rails_project/todo_list/app/views/tasks/index.html.erb:29: syntax error, unexpected end, expecting ')'
          end
          ^~~):
  
app/views/tasks/index.html.erb:5: syntax error, unexpected tIDENTIFIER, expecting ')'
app/views/tasks/index.html.erb:5: syntax error, unexpected ')', expecting '.' or &. or :: or '['
app/views/tasks/index.html.erb:13: syntax error, unexpected end, expecting ')'
app/views/tasks/index.html.erb:27: syntax error, unexpected ensure, expecting ')'
app/views/tasks/index.html.erb:29: syntax error, unexpected end, expecting ')'
Started GET "/" for ::1 at 2020-03-15 15:27:04 +0900
Processing by TasksController#index as HTML
  Rendering tasks/index.html.erb within layouts/application
  [1m[36mTask Load (0.2ms)[0m  [1m[34mSELECT "tasks".* FROM "tasks"[0m
  â†³ app/views/tasks/index.html.erb:3
  Rendered tasks/index.html.erb within layouts/application (11.2ms)
Completed 200 OK in 692ms (Views: 686.2ms | ActiveRecord: 0.9ms)


Started POST "/tasks/2/toggle" for ::1 at 2020-03-15 15:27:08 +0900
Processing by TasksController#toggle as */*
  Parameters: {"id"=>"2"}
  [1m[36mTask Load (0.2ms)[0m  [1m[34mSELECT  "tasks".* FROM "tasks" WHERE "tasks"."id" = ? LIMIT ?[0m  [["id", 2], ["LIMIT", 1]]
  â†³ app/controllers/tasks_controller.rb:42
  [1m[35m (0.0ms)[0m  [1m[36mbegin transaction[0m
  â†³ app/controllers/tasks_controller.rb:44
  [1m[36mTask Update (1.0ms)[0m  [1m[33mUPDATE "tasks" SET "done" = ?, "updated_at" = ? WHERE "tasks"."id" = ?[0m  [["done", 1], ["updated_at", "2020-03-15 06:27:08.685650"], ["id", 2]]
  â†³ app/controllers/tasks_controller.rb:44
  [1m[35m (0.7ms)[0m  [1m[36mcommit transaction[0m
  â†³ app/controllers/tasks_controller.rb:44
Completed 204 No Content in 6ms (ActiveRecord: 2.0ms)


Started GET "/" for ::1 at 2020-03-15 15:27:10 +0900
Processing by TasksController#index as HTML
  Rendering tasks/index.html.erb within layouts/application
  [1m[36mTask Load (0.3ms)[0m  [1m[34mSELECT "tasks".* FROM "tasks"[0m
  â†³ app/views/tasks/index.html.erb:3
  Rendered tasks/index.html.erb within layouts/application (2.6ms)
Completed 200 OK in 21ms (Views: 19.5ms | ActiveRecord: 0.3ms)


Started POST "/tasks/3/toggle" for ::1 at 2020-03-15 15:27:40 +0900
Processing by TasksController#toggle as */*
  Parameters: {"id"=>"3"}
  [1m[36mTask Load (0.1ms)[0m  [1m[34mSELECT  "tasks".* FROM "tasks" WHERE "tasks"."id" = ? LIMIT ?[0m  [["id", 3], ["LIMIT", 1]]
  â†³ app/controllers/tasks_controller.rb:42
  [1m[35m (0.0ms)[0m  [1m[36mbegin transaction[0m
  â†³ app/controllers/tasks_controller.rb:44
  [1m[36mTask Update (0.4ms)[0m  [1m[33mUPDATE "tasks" SET "done" = ?, "updated_at" = ? WHERE "tasks"."id" = ?[0m  [["done", 1], ["updated_at", "2020-03-15 06:27:40.436602"], ["id", 3]]
  â†³ app/controllers/tasks_controller.rb:44
  [1m[35m (0.8ms)[0m  [1m[36mcommit transaction[0m
  â†³ app/controllers/tasks_controller.rb:44
Completed 204 No Content in 4ms (ActiveRecord: 1.3ms)


Started POST "/tasks/4/toggle" for ::1 at 2020-03-15 15:27:40 +0900
Processing by TasksController#toggle as */*
  Parameters: {"id"=>"4"}
  [1m[36mTask Load (0.3ms)[0m  [1m[34mSELECT  "tasks".* FROM "tasks" WHERE "tasks"."id" = ? LIMIT ?[0m  [["id", 4], ["LIMIT", 1]]
  â†³ app/controllers/tasks_controller.rb:42
  [1m[35m (0.1ms)[0m  [1m[36mbegin transaction[0m
  â†³ app/controllers/tasks_controller.rb:44
  [1m[36mTask Update (0.7ms)[0m  [1m[33mUPDATE "tasks" SET "done" = ?, "updated_at" = ? WHERE "tasks"."id" = ?[0m  [["done", 1], ["updated_at", "2020-03-15 06:27:40.909203"], ["id", 4]]
  â†³ app/controllers/tasks_controller.rb:44
  [1m[35m (1.2ms)[0m  [1m[36mcommit transaction[0m
  â†³ app/controllers/tasks_controller.rb:44
Completed 204 No Content in 7ms (ActiveRecord: 2.3ms)


Started POST "/tasks/5/toggle" for ::1 at 2020-03-15 15:27:41 +0900
Processing by TasksController#toggle as */*
  Parameters: {"id"=>"5"}
  [1m[36mTask Load (0.2ms)[0m  [1m[34mSELECT  "tasks".* FROM "tasks" WHERE "tasks"."id" = ? LIMIT ?[0m  [["id", 5], ["LIMIT", 1]]
  â†³ app/controllers/tasks_controller.rb:42
  [1m[35m (0.1ms)[0m  [1m[36mbegin transaction[0m
  â†³ app/controllers/tasks_controller.rb:44
  [1m[36mTask Update (0.5ms)[0m  [1m[33mUPDATE "tasks" SET "done" = ?, "updated_at" = ? WHERE "tasks"."id" = ?[0m  [["done", 1], ["updated_at", "2020-03-15 06:27:41.572529"], ["id", 5]]
  â†³ app/controllers/tasks_controller.rb:44
  [1m[35m (1.8ms)[0m  [1m[36mcommit transaction[0m
  â†³ app/controllers/tasks_controller.rb:44
Completed 204 No Content in 8ms (ActiveRecord: 2.6ms)


Started POST "/tasks/6/toggle" for ::1 at 2020-03-15 15:27:42 +0900
Processing by TasksController#toggle as */*
  Parameters: {"id"=>"6"}
  [1m[36mTask Load (0.3ms)[0m  [1m[34mSELECT  "tasks".* FROM "tasks" WHERE "tasks"."id" = ? LIMIT ?[0m  [["id", 6], ["LIMIT", 1]]
  â†³ app/controllers/tasks_controller.rb:42
  [1m[35m (0.1ms)[0m  [1m[36mbegin transaction[0m
  â†³ app/controllers/tasks_controller.rb:44
  [1m[36mTask Update (1.1ms)[0m  [1m[33mUPDATE "tasks" SET "done" = ?, "updated_at" = ? WHERE "tasks"."id" = ?[0m  [["done", 1], ["updated_at", "2020-03-15 06:27:42.221777"], ["id", 6]]
  â†³ app/controllers/tasks_controller.rb:44
  [1m[35m (2.5ms)[0m  [1m[36mcommit transaction[0m
  â†³ app/controllers/tasks_controller.rb:44
Completed 204 No Content in 13ms (ActiveRecord: 4.0ms)


Started GET "/" for ::1 at 2020-03-15 15:27:46 +0900
Processing by TasksController#index as HTML
  Rendering tasks/index.html.erb within layouts/application
  [1m[36mTask Load (0.2ms)[0m  [1m[34mSELECT "tasks".* FROM "tasks"[0m
  â†³ app/views/tasks/index.html.erb:3
  Rendered tasks/index.html.erb within layouts/application (2.5ms)
Completed 200 OK in 24ms (Views: 21.2ms | ActiveRecord: 0.2ms)


